2021 0 05
8 15
9 15
glosses with second circles (wikisource) to 1-104

2021 07 05
7 00
7 45
glosses with second circles (wikisource) to 1-62

2021 07 03
3 30
4 15
troublesome characters (google drive), wikisource

2021 07 03
1 45
2 30
troublesome characters (google drive), wikisource

2021 06 30
4 00
4 45
meeting

2021 06 29
6 30
7 00
troublesome characters (google drive), wikisource

2021 06 23
5 50
6 00
wikisource

2021 06 23
4 00
4 50
meeting

*

2021 06 13
9 05
9 35
wikisource
0.5 hours

2021 06 11
12 25
1 25
wikisource
1.0 hours

2021 06 10
1 30
2 15
wikisource
0.75 hours

2021 06 07
1 30
3 45
long meeting
2.25 hours

2021 06 04
2 00
2 07
wikisource
0.18 hours

2021 06 03
11 00
11 49
meeting
0.82 hours

2021 06 02
11 45
12 15
wikisource
0.5 hours

2021 06 02
12 00
12 45
wikisource
0.75 hours

2021 06 01
10 30
11 45
wikisource
1.25 hours

=

2021 05 28
5 00
5 45
wikisource
0.75 hours

2021 05 28
4 00
4 45
wikisource
0.75 hours

2021 05 28
3 30
3 45
wikisource
0.75 hours

2021 05 27
9 45
10 30
wikisource, implement conditional display of variant characters
[NOTE: let's exclude this too]

2021 05 27
8 45
9 45
wikisource, write code for generating [[역어유해/天文]] automatically
[NOTE: exclude this from timesheet. lots of unnecessary screwing about]

2021 05 27
11 00
12 00
meeting
1 hour

2021 05 26
6 30
9 30
wikisource
3 hours

2021 05 26
2 30
4 00
character collection; wikisource
1.5 hours

2021 05 20
9 10
10 50
wikisource; character collection
1.67 hours

2021 05 20
10 55
12 15
meeting; wikisource
1.33 hours

2021 05 18
6 00
7 30
edit on wikisource
1.50 hours

2021 05 18
3 00
3 45
edit on wikisource
0.75 hours

=

2021 05 15
4 40
5 45
edit on wikisource
1.08 hours

2021 05 14
7 45
9 45
misc documentation on google drive; edit on wikisource
2.00 hours

2021 05 13
10 55
11 30
meeting
0.58 hours

2021 05 06
10 55
12 15
meeting
1.33 hours

2021 05 01
8 15
10 00
miscellaneous documents on google drive; edit on wikisource
1.75 hours

=

2021 04 29
2 45
4 45
miscellaneous on google drive; monitor wikisource upload; edit on wikisource
2.00 hours

2021 04 19
7 15
8 15
text input (on github)
1.00 hours

2021 04 18
7 30
8 30
working towards wikisource upload, including trial run
1.00 hours

2021 04 18
3 45
5 35
working towards wikisource upload
1.83 hours

2021 04 15
2 40
5 15
working towards wikisource upload
2.58 hours

2021 04 15
11 00
11 27
meeting
0.45 hours

2021 04 01
11 00
12 10
meeting
1.17 hours

=

2021 02 10
8 00
1 20
modify and export google docs transcriptions
5.33 hours

2021 01 15
1 30
2 00
meeting
0.5 hours

2021 01 12
11 30
1 10
managing scans (on google drive); get AKS transcription (on google drive)
1.67 hours

=

2020 06 29
3 00
4 00
meeting

2020 06 26
7 00
8 40
identifying odd characters (on github)

2020 06 21
8 00
9 40
text input (on github)

2020 06 20
3 20
4 20
text input (on github)

2020 06 18
3 30
4 30
text input (on github)

2020 06 02
3 30
4 00
text input (on github)

2020 05 29
1 40
2 20
text input (on github)

2020 05 23
7 15
8 40
text input (on github)

2020 05 23
1 45
2 45
text input (on github)

2020 05 23
12 15
12 50
text input (on github)

2020 05 22
3 00
3 40
text input (on github)

2020 05 22
4 45am
5 30 am
text input (on github)

2020 05 21
2 50
3 50
text input (on github); renaming text files (on google drive)

2020 05 20
5 20
6 00
text input (on github)

2020-05-19
10 45
11 25
text input (on github)

2020-05-18
11 00
12 10
text input (on github)

2020 05 16
10 50
11 15
text input (on github)

2020 05 16
8 30
9 40
text input (on github)

2020-05-16
3 40
4 20
text input (on github)

2020-05-15
4 00
4 30
text input (on github)

2020-05-15
3 00
3 45
text input (on github)

2020-05-15
1 50
2 50
text input (on github)

2020-05-13
6 50
7 50
text input (on github)

2020-05-13
3 30
4 45
text input (on github)

2020-05-09
1 10
1 40
text input (on github)

2020-05-08
7 30
8 00
text input (on github)

2020-05-08
3 00
4 00
text input (on github)

2020-05-07
9 30
10 00
text input (on github)

2020-04-17
9 15
10 00
text input

2020-04-16
9 20
10 20
text input

2020-04-07
3 40
4 10
text input (on google docs)

2020年3月27日
8 40
9 10
text input (on google docs)

2020年3月27日
3 00
3 20
text input (on google docs)

2020年3月25日
22:55
23:25
text input (on google docs)

2020年3月25日
18:30
19:30
text input (on google docs)

2020年3月24日
14:22
14:37
comprehensive key mapping (on google docs)

2020年3月24日
13:00
14:06
meeting: input method

2020年3月22日
21:54
23:09
IME instructions (on google docs)

2020年3月20日
16:28
16:38
test entry (on google docs)

2020年3月20日
15:00
15:42
meeting: input discussion

2020年3月16日
13:00
13:35
meeting: meeting 2

2020年3月5日
14:44
15:31
scans at the library

2020年2月21日
19:50
21:30
managing the scans

2020年2月20日
20:51
21:17
korean-lg scholarship (on google docs)

2020年2月18日
83分
Text Mining and Analysis: A Roundtable Discussion

2020年2月6日
21:55
22:06
explaining wikisource (on slack)
〜4分
ditto

meeting i
